\BOOKMARK [1][-]{section.1}{\376\377\000S\000i\000s\000t\000e\000m\000o\000s\000\040\000p\000a\000s\000k\000i\000r\000t\000i\000s}{}% 1
\BOOKMARK [2][-]{subsection.1.1}{\376\377\000P\000r\000o\000j\000e\000k\000t\000o\000\040\000k\001\153\000r\000i\000m\000o\000\040\000p\000a\000g\000r\000i\000n\000d\000a\000s\000\040\000\050\000p\000a\000g\000r\000i\000n\000d\000i\000m\000a\000s\000\051}{section.1}% 2
\BOOKMARK [2][-]{subsection.1.2}{\376\377\000S\000i\000s\000t\000e\000m\000o\000s\000\040\000t\000i\000k\000s\000l\000a\000i\000\040\000\050\000p\000a\000s\000k\000i\000r\000t\000i\000s\000\051}{section.1}% 3
\BOOKMARK [1][-]{section.2}{\376\377\000U\001\176\000s\000a\000k\000o\000v\000a\000i\000,\000\040\000p\000i\000r\000k\001\027\000j\000a\000i\000\040\000i\000r\000\040\000k\000i\000t\000i\000\040\000s\000i\000s\000t\000e\000m\000a\000\040\000s\000u\000i\000n\000t\000e\000r\000e\000s\000u\000o\000t\000i\000\040\000a\000s\000m\000e\000n\000y\000s}{}% 4
\BOOKMARK [2][-]{subsection.2.1}{\376\377\000U\001\176\000s\000a\000k\000o\000v\000a\000s}{section.2}% 5
\BOOKMARK [2][-]{subsection.2.2}{\376\377\000P\000i\000r\000k\001\027\000j\000a\000s}{section.2}% 6
\BOOKMARK [2][-]{subsection.2.3}{\376\377\000N\000a\000u\000d\000o\000t\000o\000j\000a\000i}{section.2}% 7
\BOOKMARK [1][-]{section.3}{\376\377\000A\000p\000r\000i\000b\000o\000j\000i\000m\000a\000i}{}% 8
\BOOKMARK [2][-]{subsection.3.1}{\376\377\000A\000p\000r\000i\000b\000o\000j\000i\000m\000a\000i\000\040\000s\000p\000r\000e\000n\000d\000i\000m\000u\000i}{section.3}% 9
\BOOKMARK [2][-]{subsection.3.2}{\376\377\000D\000i\000e\000g\000i\000m\000o\000\040\000a\000p\000l\000i\000n\000k\000a}{section.3}% 10
\BOOKMARK [2][-]{subsection.3.3}{\376\377\000K\000o\000m\000u\000n\000i\000k\000u\000o\000j\000a\000n\001\015\000i\000o\000s\000\040\000s\000i\000s\000t\000e\000m\000o\000s}{section.3}% 11
\BOOKMARK [2][-]{subsection.3.4}{\376\377\000K\000o\000m\000e\000r\000c\000i\000n\000i\000a\000i\000\040\000s\000p\000e\000c\000i\000a\000l\000i\000z\000u\000o\000t\000i\000\040\000p\000r\000o\000g\000r\000a\000m\001\163\000\040\000p\000a\000k\000e\000t\000a\000i}{section.3}% 12
\BOOKMARK [2][-]{subsection.3.5}{\376\377\000N\000u\000m\000a\000t\000o\000m\000a\000\040\000d\000a\000r\000b\000o\000\040\000v\000i\000e\000t\000o\000s\000\040\000a\000p\000l\000i\000n\000k\000a}{section.3}% 13
\BOOKMARK [2][-]{subsection.3.6}{\376\377\000S\000i\000s\000t\000e\000m\000o\000s\000\040\000k\001\153\000r\000i\000m\000o\000\040\000t\000e\000r\000m\000i\000n\000a\000i}{section.3}% 14
\BOOKMARK [2][-]{subsection.3.7}{\376\377\000S\000i\000s\000t\000e\000m\000o\000s\000\040\000k\001\153\000r\000i\000m\000o\000\040\000b\000i\000u\000d\001\176\000e\000t\000a\000s}{section.3}% 15
\BOOKMARK [1][-]{section.4}{\376\377\000T\000e\000r\000m\000i\000n\001\163\000\040\001\176\000o\000d\000y\000n\000a\000s}{}% 16
\BOOKMARK [1][-]{section.5}{\376\377\000S\000v\000a\000r\000b\001\153\000s\000\040\000f\000a\000k\000t\000a\000i\000\040\000i\000r\000\040\000p\000r\000i\000e\000l\000a\000i\000d\000o\000s}{}% 17
\BOOKMARK [1][-]{section.6}{\376\377\000V\000e\000i\000k\000l\000o\000s\000\040\000s\000f\000e\000r\000a}{}% 18
\BOOKMARK [2][-]{subsection.6.1}{\376\377\000V\000e\000i\000k\000l\000o\000s\000\040\000k\000o\000n\000t\000e\000k\000s\000t\000a\000s}{section.6}% 19
\BOOKMARK [2][-]{subsection.6.2}{\376\377\000V\000e\000i\000k\000l\000o\000s\000\040\000p\000a\000d\000a\000l\000i\000n\000i\000m\000a\000s}{section.6}% 20
\BOOKMARK [1][-]{section.7}{\376\377\000P\000r\000o\000d\000u\000k\000t\000o\000\040\000v\000e\000i\000k\000l\000o\000s\000\040\000s\000f\000e\000r\000a}{}% 21
\BOOKMARK [2][-]{subsection.7.1}{\376\377\000S\000i\000s\000t\000e\000m\000o\000s\000\040\000r\000i\000b\000o\000s}{section.7}% 22
\BOOKMARK [2][-]{subsection.7.2}{\376\377\000P\000a\000n\000a\000u\000d\000o\000j\000i\000m\000o\000\040\000a\000t\000v\000e\000j\001\163\000\040\000s\001\005\000r\000a\001\141\000a\000s}{section.7}% 23
\BOOKMARK [1][-]{section.8}{\376\377\000F\000u\000n\000k\000c\000i\000n\000i\000a\000i\000\040\000r\000e\000i\000k\000a\000l\000a\000v\000i\000m\000a\000i\000\040\000i\000r\000\040\000r\000e\000i\000k\000a\000l\000a\000v\000i\000m\000a\000i\000\040\000d\000u\000o\000m\000e\000n\000i\000m\000s}{}% 24
\BOOKMARK [2][-]{subsection.8.1}{\376\377\000F\000u\000n\000k\000c\000i\000n\000i\000a\000i\000\040\000r\000e\000i\000k\000a\000l\000a\000v\000i\000m\000a\000i}{section.8}% 25
\BOOKMARK [2][-]{subsection.8.2}{\376\377\000R\000e\000i\000k\000a\000l\000a\000v\000i\000m\000a\000i\000\040\000d\000u\000o\000m\000e\000n\000i\000m\000s}{section.8}% 26
\BOOKMARK [1][-]{section.9}{\376\377\000R\000e\000i\000k\000a\000l\000a\000v\000i\000m\000a\000i\000\040\000s\000i\000s\000t\000e\000m\000o\000s\000\040\000i\001\141\000v\000a\000i\000z\000d\000a\000i}{}% 27
\BOOKMARK [1][-]{section.10}{\376\377\000R\000e\000i\000k\000a\000l\000a\000v\000i\000m\000a\000i\000\040\000p\000a\000n\000a\000u\000d\000o\000j\000a\000m\000u\000m\000u\000i}{}% 28
\BOOKMARK [1][-]{section.11}{\376\377\000R\000e\000i\000k\000a\000l\000a\000v\000i\000m\000a\000i\000\040\000v\000y\000k\000d\000y\000m\000o\000\040\000c\000h\000a\000r\000a\000k\000t\000e\000r\000i\000s\000t\000i\000k\000o\000m\000s}{}% 29
\BOOKMARK [1][-]{section.12}{\376\377\000R\000e\000i\000k\000a\000l\000a\000v\000i\000m\000a\000i\000\040\000s\000a\000u\000g\000u\000m\000u\000i}{}% 30
\BOOKMARK [1][-]{section.13}{\376\377\000T\000e\000i\000s\000i\000n\000i\000a\000i\000\040\000r\000e\000i\000k\000a\000l\000a\000v\000i\000m\000a\000i}{}% 31
\BOOKMARK [1][-]{section.14}{\376\377\000A\000t\000v\000i\000r\000i\000\040\000k\000l\000a\000u\000s\000i\000m\000a\000i\000\040\000\050\000p\000r\000o\000b\000l\000e\000m\000o\000s\000\051}{}% 32
\BOOKMARK [1][-]{section.15}{\376\377\000N\000a\000u\000j\000o\000s\000\040\000p\000r\000o\000b\000l\000e\000m\000o\000s}{}% 33
\BOOKMARK [2][-]{subsection.15.1}{\376\377\000P\000r\000o\000b\000l\000e\000m\000o\000s\000\040\000d\000i\000e\000g\000i\000m\000o\000\040\000p\000a\000l\000i\000n\000k\000a\000i}{section.15}% 34
\BOOKMARK [2][-]{subsection.15.2}{\376\377\001\056\000t\000a\000k\000a\000\040\000j\000a\000u\000\040\000i\000n\000s\000t\000a\000l\000i\000u\000o\000t\000o\000m\000s\000\040\000s\000i\000s\000t\000e\000m\000o\000m\000s}{section.15}% 35
\BOOKMARK [2][-]{subsection.15.3}{\376\377\000N\000e\000i\000g\000i\000a\000m\000a\000s\000\040\000v\000a\000r\000t\000o\000t\000o\000j\001\163\000\040\000n\000u\000s\000i\000t\000e\000i\000k\000i\000m\000a\000s}{section.15}% 36
\BOOKMARK [2][-]{subsection.15.4}{\376\377\000K\000l\000i\000u\000d\000a\000n\000t\000y\000s\000\040\000d\000i\000e\000g\000i\000m\000o\000\040\000a\000p\000l\000i\000n\000k\000o\000s\000\040\000a\000p\000r\000i\000b\000o\000j\000i\000m\000a\000i}{section.15}% 37
\BOOKMARK [2][-]{subsection.15.5}{\376\377\000G\000a\000l\000i\000m\000o\000s\000\040\000n\000a\000u\000j\000o\000s\000\040\000s\000i\000s\000t\000e\000m\000o\000s\000\040\000s\000u\000k\000e\000l\000t\000o\000s\000\040\000p\000r\000o\000b\000l\000e\000m\000o\000s}{section.15}% 38
\BOOKMARK [1][-]{section.16}{\376\377\000U\001\176\000d\000a\000v\000i\000n\000i\000a\000i}{}% 39
\BOOKMARK [2][-]{subsection.16.1}{\376\377\000S\000i\000s\000t\000e\000m\000o\000s\000\040\000p\000a\000t\000e\000i\000k\000i\000m\000o\000\040\001\176\000i\000n\000g\000s\000n\000i\000a\000i\000\040\000\050\000e\000t\000a\000p\000a\000i\000\051}{section.16}% 40
\BOOKMARK [2][-]{subsection.16.2}{\376\377\000V\000y\000s\000t\000y\000m\000o\000\040\000e\000t\000a\000p\000a\000i}{section.16}% 41
\BOOKMARK [1][-]{section.17}{\376\377\000U\001\176\000d\000a\000v\000i\000n\000i\000a\000i}{}% 42
\BOOKMARK [2][-]{subsection.17.1}{\376\377\000P\000r\000i\000t\000a\000i\000k\000y\000m\000a\000s\000\040\000\050\000C\000u\000t\000o\000v\000e\000r\000\051}{section.17}% 43
\BOOKMARK [2][-]{subsection.17.2}{\376\377\000R\000e\000i\000k\000a\000l\000a\000v\000i\000m\000a\000i\000\040\000e\000s\000a\000m\001\163\000\040\000d\000u\000o\000m\000e\000n\001\163\000\040\000p\000e\000r\000k\001\027\000l\000i\000m\000u\000i}{section.17}% 44
\BOOKMARK [2][-]{subsection.17.3}{\376\377\000R\000e\000i\000k\000a\000l\000i\000n\000g\000a\000s\000\040\000d\000u\000o\000m\000e\000n\001\163\000\040\000t\000r\000a\000n\000s\000f\000o\000r\000m\000a\000v\000i\000m\000a\000s\000\040\000p\000e\000r\000k\000e\000l\000i\000a\000n\000t\000\040\001\057\000\040\000n\000a\000u\000j\001\005\000\040\000s\000i\000s\000t\000e\000m\001\005}{section.17}% 45
\BOOKMARK [1][-]{section.18}{\376\377\000R\000i\000z\000i\000k\000o\000s}{}% 46
\BOOKMARK [2][-]{subsection.18.1}{\376\377\000G\000a\000l\000i\000m\000o\000s\000\040\000s\000i\000s\000t\000e\000m\000o\000s\000\040\000k\001\153\000r\000i\000m\000o\000\040\000r\000i\000z\000i\000k\000o\000s}{section.18}% 47
\BOOKMARK [2][-]{subsection.18.2}{\376\377\000A\000t\000s\000i\000t\000i\000k\000t\000i\000n\000u\000m\001\163\000\040\000\050\000r\000i\000z\000i\000k\001\163\000\051\000\040\000v\000a\000l\000d\000y\000m\000o\000\040\000p\000l\000a\000n\000a\000s}{section.18}% 48
\BOOKMARK [1][-]{section.19}{\376\377\000K\000a\000i\000n\000a}{}% 49
\BOOKMARK [1][-]{section.20}{\376\377\000N\000a\000u\000d\000o\000t\000o\000j\000o\000\040\000d\000o\000k\000u\000m\000e\000n\000t\000a\000c\000i\000j\000a\000\040\000i\000r\000\040\000a\000p\000m\000o\000k\000y\000m\000a\000s}{}% 50
